<?xml version="1.0" encoding="UTF-8"?>
<testsuite xmlns:xsi="http://www.w3.org/2001/XMLSchema-instance" xsi:noNamespaceSchemaLocation="https://maven.apache.org/surefire/maven-surefire-plugin/xsd/surefire-test-report.xsd" name="CEN4802CMidtermTest" time="0.066" tests="3" errors="0" skipped="0" failures="0">
  <properties>
[...]
</properties>
  <testcase name="testGetTasks" classname="CEN4802CMidtermTest" time="0.03"/>
  <testcase name="testAddTask" classname="CEN4802CMidtermTest" time="0.002"/>
  <testcase name="testRemoveTask" classname="CEN4802CMidtermTest" time="0.002"/>
</testsuite>